2025-11-08 14:19:14,046 - __main__ - INFO - === AI服务启动 - 纯文件日志模式 ===
2025-11-08 14:19:14,046 - __main__ - INFO - 日志文件路径: E:\Work-program\Project\Label\backend\ai\logs\ai_service.log
2025-11-08 14:19:14,110 - __main__ - INFO - Starting Enhanced Python AI Service on port 8000
2025-11-09 14:58:18,964 - __main__ - INFO - === AI服务启动 - 纯文件日志模式 ===
2025-11-09 14:58:18,964 - __main__ - INFO - 日志文件路径: E:\Work-program\Project\Label\backend\ai\logs\ai_service.log
2025-11-09 14:58:19,088 - __main__ - INFO - Starting Enhanced Python AI Service on port 8000
2025-11-09 14:59:32,781 - __main__ - INFO - === AI服务启动 - 纯文件日志模式 ===
2025-11-09 14:59:32,782 - __main__ - INFO - 日志文件路径: E:\Work-program\Project\Label\backend\ai\logs\ai_service.log
2025-11-09 14:59:32,844 - __main__ - INFO - Starting Enhanced Python AI Service on port 8000
2025-11-09 14:59:47,501 - __main__ - INFO - 收到专业分析请求: 你是谁...
2025-11-09 14:59:47,502 - __main__ - INFO - 开始调用智谱AI，消息长度: 34
2025-11-09 14:59:47,502 - __main__ - INFO - ZHIPU_API_KEY 配置正常
2025-11-09 14:59:47,502 - __main__ - INFO - 构建完成的消息数量: 3
2025-11-09 14:59:47,502 - __main__ - INFO - 开始发送请求到智谱AI API...
2025-11-09 14:59:58,674 - __main__ - INFO - API响应状态码: 200
2025-11-09 14:59:58,676 - __main__ - INFO - AI回复生成成功，长度: 626
2025-11-09 14:59:58,678 - __main__ - INFO - 专业分析处理完成
2025-11-09 15:03:36,702 - __main__ - INFO - 收到专业分析请求: 你是谁...
2025-11-09 15:03:36,703 - __main__ - INFO - 开始调用智谱AI，消息长度: 34
2025-11-09 15:03:36,704 - __main__ - INFO - ZHIPU_API_KEY 配置正常
2025-11-09 15:03:36,704 - __main__ - INFO - 构建完成的消息数量: 3
2025-11-09 15:03:36,704 - __main__ - INFO - 开始发送请求到智谱AI API...
2025-11-09 15:03:46,345 - __main__ - INFO - API响应状态码: 200
2025-11-09 15:03:46,345 - __main__ - INFO - AI回复生成成功，长度: 553
2025-11-09 15:03:46,349 - __main__ - INFO - 专业分析处理完成
2025-11-09 15:14:58,191 - __main__ - INFO - 收到标准聊天请求: 什么是太阳...
2025-11-09 15:14:58,191 - __main__ - INFO - 对话历史消息数: 3
2025-11-09 15:14:58,191 - __main__ - INFO - 开始标准AI调用...
2025-11-09 15:14:58,191 - __main__ - INFO - 开始调用智谱AI，消息长度: 5
2025-11-09 15:14:58,191 - __main__ - INFO - ZHIPU_API_KEY 配置正常
2025-11-09 15:14:58,191 - __main__ - INFO - 构建完成的消息数量: 5
2025-11-09 15:14:58,196 - __main__ - INFO - 开始发送请求到智谱AI API...
2025-11-09 15:15:13,096 - __main__ - INFO - API响应状态码: 200
2025-11-09 15:15:13,096 - __main__ - INFO - AI回复生成成功，长度: 795
2025-11-09 15:15:13,097 - __main__ - INFO - 标准聊天处理完成
2025-11-09 15:58:43,783 - __main__ - INFO - === AI服务启动 - 纯文件日志模式 ===
2025-11-09 15:58:43,783 - __main__ - INFO - 日志文件路径: E:\Work-program\Project\Label\backend\ai\logs\ai_service.log
2025-11-09 15:58:43,848 - __main__ - INFO - Starting Enhanced Python AI Service on port 8000
2025-11-09 16:00:31,721 - __main__ - INFO - 收到增强聊天请求: 我要成为ai应用工程师，我该如何学习...
2025-11-09 16:00:31,721 - __main__ - INFO - 对话历史消息数: 9
2025-11-09 16:00:31,724 - __main__ - INFO - 开始思维链增强调用...
2025-11-09 16:00:31,724 - __main__ - INFO - 开始思维链增强调用
2025-11-09 16:00:31,726 - __main__ - INFO - 开始调用智谱AI，消息长度: 192
2025-11-09 16:00:31,726 - __main__ - INFO - ZHIPU_API_KEY 配置正常
2025-11-09 16:00:31,726 - __main__ - INFO - 构建完成的消息数量: 8
2025-11-09 16:00:31,727 - __main__ - INFO - 开始发送请求到智谱AI API...
2025-11-09 16:00:48,351 - __main__ - INFO - API响应状态码: 200
2025-11-09 16:00:48,354 - __main__ - INFO - AI回复生成成功，长度: 910
2025-11-09 16:00:48,357 - __main__ - INFO - 增强聊天处理完成
2025-11-09 16:15:23,560 - __main__ - INFO - === AI服务启动 - 纯文件日志模式 ===
2025-11-09 16:15:23,561 - __main__ - INFO - 日志文件路径: E:\Work-program\Project\Label\backend\ai\logs\ai_service.log
2025-11-09 16:15:23,623 - __main__ - INFO - Starting Enhanced Python AI Service on port 8000
2025-11-09 16:50:20,303 - __main__ - INFO - === AI服务启动 - 纯文件日志模式 ===
2025-11-09 16:50:20,303 - __main__ - INFO - 日志文件路径: E:\Work-program\Project\Label\backend\ai\logs\ai_service.log
2025-11-09 16:50:20,361 - __main__ - INFO - Starting Enhanced Python AI Service on port 8000
2025-11-09 16:53:07,825 - __main__ - INFO - 收到增强聊天请求: 余诺是谁...
2025-11-09 16:53:07,827 - __main__ - INFO - 对话历史消息数: 7
2025-11-09 16:53:07,827 - __main__ - INFO - 开始思维链增强调用...
2025-11-09 16:53:07,827 - __main__ - INFO - 开始思维链增强调用
2025-11-09 16:53:07,827 - __main__ - INFO - 开始调用智谱AI，消息长度: 175
2025-11-09 16:53:07,829 - __main__ - INFO - ZHIPU_API_KEY 配置正常
2025-11-09 16:53:07,829 - __main__ - INFO - 构建完成的消息数量: 8
2025-11-09 16:53:07,829 - __main__ - INFO - 开始发送请求到智谱AI API...
2025-11-09 16:53:13,521 - __main__ - INFO - API响应状态码: 200
2025-11-09 16:53:13,521 - __main__ - INFO - AI回复生成成功，长度: 252
2025-11-09 16:53:13,528 - __main__ - INFO - 增强聊天处理完成
2025-11-09 16:53:40,552 - __main__ - INFO - 收到增强聊天请求: 太阳是什么...
2025-11-09 16:53:40,552 - __main__ - INFO - 对话历史消息数: 9
2025-11-09 16:53:40,552 - __main__ - INFO - 开始思维链增强调用...
2025-11-09 16:53:40,552 - __main__ - INFO - 开始思维链增强调用
2025-11-09 16:53:40,556 - __main__ - INFO - 开始调用智谱AI，消息长度: 209
2025-11-09 16:53:40,556 - __main__ - INFO - ZHIPU_API_KEY 配置正常
2025-11-09 16:53:40,556 - __main__ - INFO - 构建完成的消息数量: 8
2025-11-09 16:53:40,556 - __main__ - INFO - 开始发送请求到智谱AI API...
2025-11-09 16:53:56,511 - __main__ - INFO - API响应状态码: 200
2025-11-09 16:53:56,511 - __main__ - INFO - AI回复生成成功，长度: 703
2025-11-09 16:53:56,515 - __main__ - INFO - 增强聊天处理完成
2025-11-09 16:54:05,757 - __main__ - INFO - 收到增强聊天请求: 写一个Hello，world程序...
2025-11-09 16:54:05,757 - __main__ - INFO - 对话历史消息数: 11
2025-11-09 16:54:05,757 - __main__ - INFO - 开始思维链增强调用...
2025-11-09 16:54:05,757 - __main__ - INFO - 开始思维链增强调用
2025-11-09 16:54:05,757 - __main__ - INFO - 开始调用智谱AI，消息长度: 221
2025-11-09 16:54:05,757 - __main__ - INFO - ZHIPU_API_KEY 配置正常
2025-11-09 16:54:05,757 - __main__ - INFO - 构建完成的消息数量: 8
2025-11-09 16:54:05,761 - __main__ - INFO - 开始发送请求到智谱AI API...
2025-11-09 16:54:16,603 - __main__ - INFO - API响应状态码: 200
2025-11-09 16:54:16,603 - __main__ - INFO - AI回复生成成功，长度: 884
2025-11-09 16:54:16,608 - __main__ - INFO - 增强聊天处理完成
